<?xml version="1.0" encoding="UTF-8"?>
<!-- Generated by org.testng.reporters.JUnitReportReporter -->
<testsuite hostname="DESKTOP-BD7D664" failures="0" tests="7" name="com.QA.TestClass.LoginTest" time="109.171" errors="0" timestamp="2024-06-23T11:37:02 IST" skipped="0">
  <testcase classname="com.QA.TestClass.LoginTest" name="loginDetails" time="14.428"/>
  <system-out/>
  <testcase classname="com.QA.TestClass.LoginTest" name="loginDetails" time="25.569"/>
  <system-out/>
  <testcase classname="com.QA.TestClass.LoginTest" name="welcomeTest" time="11.226"/>
  <system-out/>
  <testcase classname="com.QA.TestClass.LoginTest" name="loginDetails" time="12.864"/>
  <system-out/>
  <testcase classname="com.QA.TestClass.LoginTest" name="loginDetails" time="14.243"/>
  <system-out/>
  <testcase classname="com.QA.TestClass.LoginTest" name="loginDetails" time="16.837"/>
  <system-out/>
  <testcase classname="com.QA.TestClass.LoginTest" name="loginDetails" time="14.004"/>
  <system-out/>
</testsuite> <!-- com.QA.TestClass.LoginTest -->
